GET /exercises/ 304 - - 36.832 ms
GET /users/ 304 - - 4.756 ms
POST /exercises/update/5da8b840d4ec0891df5d772a 404 181 - 3.728 ms
GET /exercises/5da8b840d4ec0891df5d772a - - - - ms
GET /exercises/ 304 - - 4.059 ms
GET /exercises/ 304 - - 40.292 ms
GET /users/ 304 - - 8.597 ms
POST /exercises/update/5da8b840d4ec0891df5d772a 404 181 - 2.527 ms
GET /exercises/5da8b840d4ec0891df5d772a - - - - ms
GET /exercises/ 304 - - 3.901 ms
GET /exercises/ 304 - - 48.041 ms
GET /exercises/ 304 - - 14.519 ms
GET /users/ 304 - - 6.281 ms
POST /exercises/update/5da8b840d4ec0891df5d772a 404 181 - 1.960 ms
GET /exercises/5da8b840d4ec0891df5d772a - - - - ms
GET /exercises/ 304 - - 4.625 ms
GET /exercises/ 304 - - 11.365 ms
GET /exercises/ 304 - - 4.612 ms
GET /exercises/ 304 - - 3.351 ms
GET /exercises/ 304 - - 3.317 ms
GET /exercises/ 304 - - 2.993 ms
GET /users/ 304 - - 21.230 ms
GET /exercises/5da8b840d4ec0891df5d772a 200 213 - 66.312 ms
GET /users/ 304 - - 51.878 ms
GET /exercises/ 304 - - 2.990 ms
GET /exercises/5da8b840d4ec0891df5d772a 304 - - 4.307 ms
GET /users/ 304 - - 8.342 ms
POST /exercises/update/5da8b840d4ec0891df5d772a 404 181 - 1.646 ms
GET /exercises/ 304 - - 2.988 ms
GET /exercises/ 304 - - 30.604 ms
GET /exercises/5da8b840d4ec0891df5d772a 304 - - 9.822 ms
GET /users/ 304 - - 9.397 ms
POST /exercises/update/5da8b840d4ec0891df5d772a 404 181 - 2.385 ms
GET /exercises/ 304 - - 4.453 ms
GET /exercises/5da8ba204b26389200613605 200 223 - 2.512 ms
GET /users/ 304 - - 4.825 ms
POST /exercises/update/5da8ba204b26389200613605 404 181 - 0.334 ms
GET /exercises/ 304 - - 2.501 ms
GET /users/ 304 - - 6.514 ms
GET /exercises/5da8ba204b26389200613605 304 - - 7.055 ms
POST /exercises/update/5da8ba204b26389200613605 404 181 - 0.585 ms
GET /exercises/ 304 - - 2.138 ms
GET /exercises/5da8b840d4ec0891df5d772a 304 - - 4.071 ms
GET /users/ 304 - - 8.118 ms
POST /exercises/update/5da8b840d4ec0891df5d772a 404 181 - 0.113 ms
GET /exercises/ 304 - - 3.161 ms
GET /users/ 304 - - 8.886 ms
GET /exercises/5da8b840d4ec0891df5d772a 304 - - 8.930 ms
POST /exercises/update/5da8b840d4ec0891df5d772a 404 181 - 0.177 ms
GET /exercises/ 304 - - 2.626 ms
GET /exercises/ 304 - - 51.381 ms
GET /exercises/5da8b840d4ec0891df5d772a 304 - - 6.957 ms
GET /users/ 304 - - 13.747 ms
POST /exercises/update/5da8b840d4ec0891df5d772a 404 181 - 1.615 ms
GET /exercises/ 304 - - 3.420 ms
DELETE /exercises/5da8b840d4ec0891df5d772a 200 31 - 8.296 ms
DELETE /exercises/5da8ba204b26389200613605 200 31 - 1.503 ms
GET /users/ 304 - - 2.464 ms
GET /users/ 304 - - 1.972 ms
GET /users/ 200 2 - 24.196 ms
POST /users/add 200 139 - 18.335 ms
GET /users/ 200 141 - 4.228 ms
POST /exercises/add - - - - ms
GET /exercises/ 200 213 - 2.559 ms
GET /exercises/5da8be1352ef73928ff4ffc2 200 211 - 12.282 ms
GET /users/ 304 - - 4.137 ms
POST /exercises/update/5da8be1352ef73928ff4ffc2 404 181 - 1.446 ms
GET /exercises/ 304 - - 2.956 ms
GET /exercises/5da8be1352ef73928ff4ffc2 304 - - 25.987 ms
GET /users/ 304 - - 20.052 ms
POST /exercises/update/5da8be1352ef73928ff4ffc2 404 181 - 3.493 ms
GET /exercises/ 304 - - 2.424 ms
GET /users/ 304 - - 25.927 ms
GET /exercises/5da8be1352ef73928ff4ffc2 304 - - 25.528 ms
POST /exercises/update/5da8be1352ef73928ff4ffc2 - - - - ms
GET /exercises/ 200 212 - 6.181 ms
GET /exercises/ 200 2 - 81.741 ms
